Determining if the pthread_create exist failed with the following output:
Change Dir: /home/mfikih15/Documents/AMV/build/CMakeFiles/CMakeTmp

Run Build Command:"/usr/bin/make" "cmTC_9d2fe/fast"
/usr/bin/make -f CMakeFiles/cmTC_9d2fe.dir/build.make CMakeFiles/cmTC_9d2fe.dir/build
make[1]: Entering directory '/home/mfikih15/Documents/AMV/build/CMakeFiles/CMakeTmp'
Building C object CMakeFiles/cmTC_9d2fe.dir/CheckSymbolExists.c.o
/usr/bin/cc     -o CMakeFiles/cmTC_9d2fe.dir/CheckSymbolExists.c.o   -c /home/mfikih15/Documents/AMV/build/CMakeFiles/CMakeTmp/CheckSymbolExists.c
Linking C executable cmTC_9d2fe
/usr/bin/cmake -E cmake_link_script CMakeFiles/cmTC_9d2fe.dir/link.txt --verbose=1
/usr/bin/cc       CMakeFiles/cmTC_9d2fe.dir/CheckSymbolExists.c.o  -o cmTC_9d2fe -rdynamic 
CMakeFiles/cmTC_9d2fe.dir/CheckSymbolExists.c.o: In function `main':
CheckSymbolExists.c:(.text+0x16): undefined reference to `pthread_create'
collect2: error: ld returned 1 exit status
CMakeFiles/cmTC_9d2fe.dir/build.make:97: recipe for target 'cmTC_9d2fe' failed
make[1]: *** [cmTC_9d2fe] Error 1
make[1]: Leaving directory '/home/mfikih15/Documents/AMV/build/CMakeFiles/CMakeTmp'
Makefile:126: recipe for target 'cmTC_9d2fe/fast' failed
make: *** [cmTC_9d2fe/fast] Error 2

File /home/mfikih15/Documents/AMV/build/CMakeFiles/CMakeTmp/CheckSymbolExists.c:
/* */
#include <pthread.h>

int main(int argc, char** argv)
{
  (void)argv;
#ifndef pthread_create
  return ((int*)(&pthread_create))[argc];
#else
  (void)argc;
  return 0;
#endif
}

Determining if the function pthread_create exists in the pthreads failed with the following output:
Change Dir: /home/mfikih15/Documents/AMV/build/CMakeFiles/CMakeTmp

Run Build Command:"/usr/bin/make" "cmTC_faf76/fast"
/usr/bin/make -f CMakeFiles/cmTC_faf76.dir/build.make CMakeFiles/cmTC_faf76.dir/build
make[1]: Entering directory '/home/mfikih15/Documents/AMV/build/CMakeFiles/CMakeTmp'
Building C object CMakeFiles/cmTC_faf76.dir/CheckFunctionExists.c.o
/usr/bin/cc    -DCHECK_FUNCTION_EXISTS=pthread_create   -o CMakeFiles/cmTC_faf76.dir/CheckFunctionExists.c.o   -c /usr/share/cmake-3.5/Modules/CheckFunctionExists.c
Linking C executable cmTC_faf76
/usr/bin/cmake -E cmake_link_script CMakeFiles/cmTC_faf76.dir/link.txt --verbose=1
/usr/bin/cc   -DCHECK_FUNCTION_EXISTS=pthread_create    CMakeFiles/cmTC_faf76.dir/CheckFunctionExists.c.o  -o cmTC_faf76 -rdynamic -lpthreads 
/usr/bin/ld: cannot find -lpthreads
collect2: error: ld returned 1 exit status
CMakeFiles/cmTC_faf76.dir/build.make:97: recipe for target 'cmTC_faf76' failed
make[1]: *** [cmTC_faf76] Error 1
make[1]: Leaving directory '/home/mfikih15/Documents/AMV/build/CMakeFiles/CMakeTmp'
Makefile:126: recipe for target 'cmTC_faf76/fast' failed
make: *** [cmTC_faf76/fast] Error 2


